<?xml version="1.0" encoding="UTF-8"?>
<coverage generated="1647679990187" clover="3.2.0">
  <project timestamp="1647679990187" name="All files">
    <metrics statements="27" coveredstatements="26" conditionals="12" coveredconditionals="11" methods="4" coveredmethods="4" elements="43" coveredelements="41" complexity="0" loc="27" ncloc="27" packages="1" files="1" classes="1"/>
    <file name="jsonDiff.js" path="/home/neonester/frontend-project-lvl2/bin/jsonDiff.js">
      <metrics statements="27" coveredstatements="26" conditionals="12" coveredconditionals="11" methods="4" coveredmethods="4"/>
      <line num="4" count="2" type="stmt"/>
      <line num="6" count="1" type="stmt"/>
      <line num="7" count="1" type="stmt"/>
      <line num="8" count="2" type="stmt"/>
      <line num="9" count="2" type="stmt"/>
      <line num="10" count="2" type="stmt"/>
      <line num="13" count="1" type="stmt"/>
      <line num="14" count="1" type="stmt"/>
      <line num="16" count="1" type="stmt"/>
      <line num="22" count="1" type="stmt"/>
      <line num="23" count="5" type="cond" truecount="2" falsecount="0"/>
      <line num="24" count="1" type="stmt"/>
      <line num="25" count="1" type="stmt"/>
      <line num="27" count="4" type="cond" truecount="4" falsecount="0"/>
      <line num="28" count="2" type="stmt"/>
      <line num="29" count="2" type="stmt"/>
      <line num="31" count="2" type="cond" truecount="4" falsecount="0"/>
      <line num="32" count="1" type="stmt"/>
      <line num="33" count="1" type="stmt"/>
      <line num="35" count="1" type="cond" truecount="1" falsecount="1"/>
      <line num="36" count="1" type="stmt"/>
      <line num="37" count="1" type="stmt"/>
      <line num="38" count="1" type="stmt"/>
      <line num="40" count="0" type="stmt"/>
      <line num="43" count="1" type="stmt"/>
      <line num="44" count="1" type="stmt"/>
      <line num="45" count="1" type="stmt"/>
    </file>
  </project>
</coverage>
