{"/home/neonester/frontend-project-lvl2/bin/jsonDiff.js": {"path":"/home/neonester/frontend-project-lvl2/bin/jsonDiff.js","statementMap":{"0":{"start":{"line":4,"column":17},"end":{"line":4,"column":53}},"1":{"start":{"line":4,"column":27},"end":{"line":4,"column":53}},"2":{"start":{"line":6,"column":17},"end":{"line":46,"column":1}},"3":{"start":{"line":7,"column":28},"end":{"line":11,"column":3}},"4":{"start":{"line":8,"column":23},"end":{"line":8,"column":37}},"5":{"start":{"line":9,"column":20},"end":{"line":9,"column":42}},"6":{"start":{"line":10,"column":4},"end":{"line":10,"column":19}},"7":{"start":{"line":13,"column":22},"end":{"line":13,"column":50}},"8":{"start":{"line":14,"column":22},"end":{"line":14,"column":50}},"9":{"start":{"line":16,"column":18},"end":{"line":20,"column":3}},"10":{"start":{"line":22,"column":21},"end":{"line":41,"column":8}},"11":{"start":{"line":23,"column":4},"end":{"line":26,"column":5}},"12":{"start":{"line":24,"column":6},"end":{"line":24,"column":50}},"13":{"start":{"line":25,"column":6},"end":{"line":25,"column":17}},"14":{"start":{"line":27,"column":4},"end":{"line":30,"column":5}},"15":{"start":{"line":28,"column":6},"end":{"line":28,"column":50}},"16":{"start":{"line":29,"column":6},"end":{"line":29,"column":17}},"17":{"start":{"line":31,"column":4},"end":{"line":34,"column":5}},"18":{"start":{"line":32,"column":6},"end":{"line":32,"column":50}},"19":{"start":{"line":33,"column":6},"end":{"line":33,"column":17}},"20":{"start":{"line":35,"column":4},"end":{"line":39,"column":5}},"21":{"start":{"line":36,"column":6},"end":{"line":36,"column":50}},"22":{"start":{"line":37,"column":6},"end":{"line":37,"column":50}},"23":{"start":{"line":38,"column":6},"end":{"line":38,"column":17}},"24":{"start":{"line":40,"column":4},"end":{"line":40,"column":15}},"25":{"start":{"line":43,"column":17},"end":{"line":43,"column":49}},"26":{"start":{"line":44,"column":2},"end":{"line":44,"column":22}},"27":{"start":{"line":45,"column":2},"end":{"line":45,"column":16}}},"fnMap":{"0":{"name":"(anonymous_0)","decl":{"start":{"line":4,"column":17},"end":{"line":4,"column":18}},"loc":{"start":{"line":4,"column":27},"end":{"line":4,"column":53}},"line":4},"1":{"name":"(anonymous_1)","decl":{"start":{"line":6,"column":17},"end":{"line":6,"column":18}},"loc":{"start":{"line":6,"column":43},"end":{"line":46,"column":1}},"line":6},"2":{"name":"(anonymous_2)","decl":{"start":{"line":7,"column":28},"end":{"line":7,"column":29}},"loc":{"start":{"line":7,"column":38},"end":{"line":11,"column":3}},"line":7},"3":{"name":"(anonymous_3)","decl":{"start":{"line":22,"column":36},"end":{"line":22,"column":37}},"loc":{"start":{"line":22,"column":50},"end":{"line":41,"column":3}},"line":22}},"branchMap":{"0":{"loc":{"start":{"line":23,"column":4},"end":{"line":26,"column":5}},"type":"if","locations":[{"start":{"line":23,"column":4},"end":{"line":26,"column":5}},{"start":{},"end":{}}],"line":23},"1":{"loc":{"start":{"line":27,"column":4},"end":{"line":30,"column":5}},"type":"if","locations":[{"start":{"line":27,"column":4},"end":{"line":30,"column":5}},{"start":{},"end":{}}],"line":27},"2":{"loc":{"start":{"line":27,"column":8},"end":{"line":27,"column":72}},"type":"binary-expr","locations":[{"start":{"line":27,"column":8},"end":{"line":27,"column":38}},{"start":{"line":27,"column":42},"end":{"line":27,"column":72}}],"line":27},"3":{"loc":{"start":{"line":31,"column":4},"end":{"line":34,"column":5}},"type":"if","locations":[{"start":{"line":31,"column":4},"end":{"line":34,"column":5}},{"start":{},"end":{}}],"line":31},"4":{"loc":{"start":{"line":31,"column":8},"end":{"line":31,"column":72}},"type":"binary-expr","locations":[{"start":{"line":31,"column":8},"end":{"line":31,"column":38}},{"start":{"line":31,"column":42},"end":{"line":31,"column":72}}],"line":31},"5":{"loc":{"start":{"line":35,"column":4},"end":{"line":39,"column":5}},"type":"if","locations":[{"start":{"line":35,"column":4},"end":{"line":39,"column":5}},{"start":{},"end":{}}],"line":35}},"s":{"0":1,"1":2,"2":1,"3":1,"4":2,"5":2,"6":2,"7":1,"8":1,"9":1,"10":1,"11":5,"12":1,"13":1,"14":4,"15":2,"16":2,"17":2,"18":1,"19":1,"20":1,"21":1,"22":1,"23":1,"24":0,"25":1,"26":1,"27":1},"f":{"0":2,"1":1,"2":2,"3":5},"b":{"0":[1,4],"1":[2,2],"2":[4,3],"3":[1,1],"4":[2,1],"5":[1,0]},"_coverageSchema":"1a1c01bbd47fc00a2c39e90264f33305004495a9","hash":"28451530ddad6eb980c2f8fbd9a64399c23c6012"}
}
