TN:
SF:bin/jsonDiff.js
FN:4,(anonymous_0)
FN:6,(anonymous_1)
FN:7,(anonymous_2)
FN:22,(anonymous_3)
FNF:4
FNH:4
FNDA:2,(anonymous_0)
FNDA:1,(anonymous_1)
FNDA:2,(anonymous_2)
FNDA:5,(anonymous_3)
DA:4,2
DA:6,1
DA:7,1
DA:8,2
DA:9,2
DA:10,2
DA:13,1
DA:14,1
DA:16,1
DA:22,1
DA:23,5
DA:24,1
DA:25,1
DA:27,4
DA:28,2
DA:29,2
DA:31,2
DA:32,1
DA:33,1
DA:35,1
DA:36,1
DA:37,1
DA:38,1
DA:40,0
DA:43,1
DA:44,1
DA:45,1
LF:27
LH:26
BRDA:23,0,0,1
BRDA:23,0,1,4
BRDA:27,1,0,2
BRDA:27,1,1,2
BRDA:27,2,0,4
BRDA:27,2,1,3
BRDA:31,3,0,1
BRDA:31,3,1,1
BRDA:31,4,0,2
BRDA:31,4,1,1
BRDA:35,5,0,1
BRDA:35,5,1,0
BRF:12
BRH:11
end_of_record
